2025-09-10 10:10:12,688 - INFO - 题目管理器初始化完成
2025-09-10 10:10:51,355 - INFO - 题目管理器初始化完成
2025-09-10 10:11:41,100 - INFO - 题目管理器初始化完成
2025-09-10 10:13:09,142 - INFO - 题目管理器初始化完成
2025-09-10 10:13:55,409 - INFO - 题目管理器初始化完成
2025-09-10 10:14:16,287 - INFO - 题目管理器初始化完成
2025-09-10 10:15:17,851 - INFO - 题目管理器初始化完成
2025-09-10 10:16:40,672 - INFO - 题目管理器初始化完成
2025-09-10 10:16:49,946 - INFO - 题目管理器初始化完成
2025-09-10 10:20:41,614 - INFO - 题目管理器初始化完成
2025-09-10 10:21:39,324 - INFO - 题目管理器初始化完成
2025-09-10 10:21:47,832 - ERROR - 知识点创建失败: 函数与方程, 错误: 未找到路由 - /api/knowledge-points
2025-09-10 10:21:47,839 - ERROR - 知识点创建失败: 三角函数, 错误: 未找到路由 - /api/knowledge-points
2025-09-10 10:21:47,844 - ERROR - 知识点创建失败: 数列, 错误: 未找到路由 - /api/knowledge-points
2025-09-10 10:21:47,848 - ERROR - 知识点创建失败: 立体几何, 错误: 未找到路由 - /api/knowledge-points
2025-09-10 10:21:47,853 - ERROR - 知识点创建失败: 概率统计, 错误: 未找到路由 - /api/knowledge-points
2025-09-10 10:21:47,863 - ERROR - 题目添加失败: 函数 $f(x) = 2x + 3$ 的反函数是：..., 错误: 未知错误
2025-09-10 10:21:47,871 - ERROR - 题目添加失败: 已知 $\sin\alpha = \frac{3}{5}$，..., 错误: 未知错误
2025-09-10 10:21:47,878 - ERROR - 题目添加失败: 等差数列 $\{a_n\}$ 中，$a_1 = 2$，$d ..., 错误: 未知错误
2025-09-10 10:21:47,884 - ERROR - 题目添加失败: 二次函数 $y = x^2 - 4x + 3$ 的对称轴方程..., 错误: 未知错误
2025-09-10 10:21:47,890 - ERROR - 题目添加失败: 正方体的棱长为 $a$，则其体积为：..., 错误: 未知错误
2025-09-10 10:21:47,894 - ERROR - 题目添加失败: 从5个不同的球中任选2个，共有多少种选法？..., 错误: 未知错误
2025-09-10 10:21:47,899 - ERROR - 题目添加失败: 等比数列 $\{a_n\}$ 中，$a_1 = 3$，$q ..., 错误: 未知错误
2025-09-10 10:21:47,904 - ERROR - 题目添加失败: 函数 $y = \log_2 x$ 的定义域是：..., 错误: 未知错误
2025-09-10 10:21:47,908 - ERROR - 题目添加失败: 圆锥的底面半径为 $r$，高为 $h$，则其体积为：..., 错误: 未知错误
2025-09-10 10:21:47,912 - ERROR - 题目添加失败: 已知 $\tan\alpha = 2$，则 $\frac{\..., 错误: 未知错误
2025-09-10 10:25:14,251 - INFO - 题目管理器初始化完成
2025-09-10 10:26:03,915 - ERROR - 题目添加失败: 函数 $f(x) = 2x + 3$ 的反函数是：..., 错误: 未知错误
2025-09-10 10:26:03,921 - ERROR - 题目添加失败: 已知 $\sin\alpha = \frac{3}{5}$，..., 错误: 未知错误
2025-09-10 10:26:03,928 - ERROR - 题目添加失败: 等差数列 $\{a_n\}$ 中，$a_1 = 2$，$d ..., 错误: 未知错误
2025-09-10 10:26:03,933 - ERROR - 题目添加失败: 二次函数 $y = x^2 - 4x + 3$ 的对称轴方程..., 错误: 未知错误
2025-09-10 10:26:03,937 - ERROR - 题目添加失败: 正方体的棱长为 $a$，则其体积为：..., 错误: 未知错误
2025-09-10 10:26:03,942 - ERROR - 题目添加失败: 从5个不同的球中任选2个，共有多少种选法？..., 错误: 未知错误
2025-09-10 10:26:03,947 - ERROR - 题目添加失败: 等比数列 $\{a_n\}$ 中，$a_1 = 3$，$q ..., 错误: 未知错误
2025-09-10 10:26:03,951 - ERROR - 题目添加失败: 函数 $y = \log_2 x$ 的定义域是：..., 错误: 未知错误
2025-09-10 10:26:03,956 - ERROR - 题目添加失败: 圆锥的底面半径为 $r$，高为 $h$，则其体积为：..., 错误: 未知错误
2025-09-10 10:26:03,961 - ERROR - 题目添加失败: 已知 $\tan\alpha = 2$，则 $\frac{\..., 错误: 未知错误
2025-09-10 10:26:45,473 - INFO - 题目管理器初始化完成
2025-09-10 10:27:34,264 - INFO - 题目管理器初始化完成
2025-09-10 10:29:08,256 - INFO - 题目管理器初始化完成
2025-09-11 02:04:16,518 - INFO - 题目管理器初始化完成
2025-09-11 07:17:00,354 - INFO - 题目管理器初始化完成
2025-09-11 07:22:59,262 - INFO - 题目管理器初始化完成
2025-09-11 07:25:59,333 - INFO - 题目管理器初始化完成
2025-09-11 07:27:14,783 - INFO - 题目管理器初始化完成
2025-09-11 18:48:20,276 - INFO - 题目管理器初始化完成
2025-09-11 18:49:18,917 - INFO - 题目管理器初始化完成
2025-09-11 18:49:18,932 - ERROR - 题目添加失败: 如图所示，等腰三角形ABC中，底边BC = 9cm，高AD ..., 错误: 未知错误
2025-09-11 18:49:18,938 - ERROR - 题目添加失败: 如图所示，在直角三角形ABC中，∠A = 90°，AB = ..., 错误: 未知错误
2025-09-11 18:49:18,944 - ERROR - 题目添加失败: 如图所示，等边三角形ABC的边长为9cm。求三角形ABC的高..., 错误: 未知错误
2025-09-11 18:49:18,951 - ERROR - 题目添加失败: 如图所示，等边三角形ABC的边长为11cm。求三角形ABC的..., 错误: 未知错误
2025-09-11 18:49:18,956 - ERROR - 题目添加失败: 如图所示，等腰三角形ABC中，底边BC = 10cm，高AD..., 错误: 未知错误
2025-09-11 18:49:18,961 - ERROR - 题目添加失败: 如图所示，等腰三角形ABC中，底边BC = 12cm，高AD..., 错误: 未知错误
2025-09-11 18:49:18,966 - ERROR - 题目添加失败: 如图所示，在直角三角形ABC中，∠A = 90°，AB = ..., 错误: 未知错误
2025-09-11 18:49:18,971 - ERROR - 题目添加失败: 如图所示，等边三角形ABC的边长为15cm。求三角形ABC的..., 错误: 未知错误
2025-09-11 18:49:18,977 - ERROR - 题目添加失败: 如图所示，等边三角形ABC的边长为12cm。求三角形ABC的..., 错误: 未知错误
2025-09-11 18:49:18,982 - ERROR - 题目添加失败: 如图所示，在直角三角形ABC中，∠A = 90°，AB = ..., 错误: 未知错误
2025-09-11 18:49:18,987 - ERROR - 题目添加失败: 如图所示，等腰三角形ABC中，底边BC = 8cm，高AD ..., 错误: 未知错误
2025-09-11 18:49:18,993 - ERROR - 题目添加失败: 如图所示，等边三角形ABC的边长为9cm。求三角形ABC的面..., 错误: 未知错误
2025-09-11 18:49:18,998 - ERROR - 题目添加失败: 如图所示，等腰三角形ABC中，底边BC = 13cm，高AD..., 错误: 未知错误
2025-09-11 18:49:19,002 - ERROR - 题目添加失败: 如图所示，等腰三角形ABC中，底边BC = 11cm，高AD..., 错误: 未知错误
2025-09-11 18:49:19,007 - ERROR - 题目添加失败: 如图所示，等边三角形ABC的边长为16cm。求三角形ABC的..., 错误: 未知错误
2025-09-11 18:49:19,011 - ERROR - 题目添加失败: 如图所示，正方形ABCD的边长为15cm。求正方形ABCD的..., 错误: 未知错误
2025-09-11 18:49:19,015 - ERROR - 题目添加失败: 如图所示，矩形ABCD的长为12cm，宽为9cm。求矩形AB..., 错误: 未知错误
2025-09-11 18:49:19,019 - ERROR - 题目添加失败: 如图所示，矩形ABCD的长为12cm，宽为6cm。求矩形AB..., 错误: 未知错误
2025-09-11 18:49:19,023 - ERROR - 题目添加失败: 如图所示，正方形ABCD的边长为8cm。求正方形ABCD的对..., 错误: 未知错误
2025-09-11 18:49:19,027 - ERROR - 题目添加失败: 如图所示，矩形ABCD的长为9cm，宽为10cm。求矩形AB..., 错误: 未知错误
2025-09-11 18:49:19,031 - ERROR - 题目添加失败: 如图所示，正方形ABCD的边长为12cm。求正方形ABCD的..., 错误: 未知错误
2025-09-11 18:49:19,035 - ERROR - 题目添加失败: 如图所示，正方形ABCD的边长为8cm。求正方形ABCD的面..., 错误: 未知错误
2025-09-11 18:49:19,039 - ERROR - 题目添加失败: 如图所示，正方形ABCD的边长为9cm。求正方形ABCD的对..., 错误: 未知错误
2025-09-11 18:49:19,044 - ERROR - 题目添加失败: 如图所示，矩形ABCD的长为8cm，宽为6cm。求矩形ABC..., 错误: 未知错误
2025-09-11 18:49:19,048 - ERROR - 题目添加失败: 如图所示，正方形ABCD的边长为9cm。求正方形ABCD的对..., 错误: 未知错误
2025-09-11 18:49:19,052 - ERROR - 题目添加失败: 如图所示，圆O的半径为12cm。求圆O的面积。（π取3.14..., 错误: 未知错误
2025-09-11 18:49:19,057 - ERROR - 题目添加失败: 如图所示，圆O的半径为7cm。求圆O的直径。..., 错误: 未知错误
2025-09-11 18:49:19,061 - ERROR - 题目添加失败: 如图所示，圆O的半径为10cm。求圆O的直径。..., 错误: 未知错误
2025-09-11 18:49:19,066 - ERROR - 题目添加失败: 如图所示，圆O的半径为9cm。求圆O的面积。（π取3.14）..., 错误: 未知错误
2025-09-11 18:49:19,070 - ERROR - 题目添加失败: 如图所示，圆O的半径为4cm。求圆O的周长。（π取3.14）..., 错误: 未知错误
2025-09-11 18:49:19,075 - ERROR - 题目添加失败: 如图所示，圆O的半径为12cm。求圆O的面积。（π取3.14..., 错误: 未知错误
2025-09-11 18:49:19,078 - ERROR - 题目添加失败: 如图所示，圆O的半径为12cm。求圆O的直径。..., 错误: 未知错误
2025-09-11 18:49:19,082 - ERROR - 题目添加失败: 如图所示，圆O的半径为8cm。求圆O的直径。..., 错误: 未知错误
2025-09-11 18:50:22,789 - INFO - 题目管理器初始化完成
2025-09-11 18:55:51,901 - INFO - 题目管理器初始化完成
2025-09-11 19:03:04,200 - INFO - 题目管理器初始化完成
2025-09-11 19:03:58,878 - INFO - 题目管理器初始化完成
2025-09-11 19:04:51,654 - INFO - 题目管理器初始化完成
2025-09-11 19:06:18,674 - INFO - 题目管理器初始化完成
2025-09-11 19:08:05,679 - INFO - 题目管理器初始化完成
2025-09-11 19:09:33,395 - INFO - 题目管理器初始化完成
2025-09-11 19:11:04,333 - INFO - 题目管理器初始化完成
2025-09-11 19:15:35,858 - INFO - 题目管理器初始化完成
2025-09-11 19:38:35,189 - INFO - 题目管理器初始化完成
2025-09-11 19:41:27,837 - INFO - 题目管理器初始化完成
2025-09-11 20:25:38,248 - INFO - 题目管理器初始化完成
2025-09-11 20:26:12,822 - INFO - 题目管理器初始化完成
